[17:02:49] [main/INFO] [GradleStart]: Extra: []
[17:05:50] [main/INFO] [GradleStart]: Extra: []
[17:11:24] [main/INFO] [GradleStart]: Extra: []
[17:11:24] [main/INFO] [GradleStart]: Begin coremod and grimpatch search...
[17:11:24] [main/INFO] [GradleStart]: Finished coremod and grimpatch search, elapsed time: 86ms
[17:11:24] [main/INFO] [GradleStart]: Running with arguments: [--userProperties, {}, --assetsDir, H:/.gradle/caches/minecraft/assets, --assetIndex, 1.7.10, --accessToken, {REDACTED}, --version, 1.7.10, --tweakClass, cpw.mods.fml.common.launcher.FMLTweaker, --tweakClass, net.minecraftforge.gradle.tweakers.CoremodTweaker]
[17:11:24] [main/INFO] [LaunchWrapper]: Loading tweak class name cpw.mods.fml.common.launcher.FMLTweaker
[17:11:24] [main/INFO] [LaunchWrapper]: Using primary tweak class name cpw.mods.fml.common.launcher.FMLTweaker
[17:11:24] [main/INFO] [LaunchWrapper]: Loading tweak class name net.minecraftforge.gradle.tweakers.CoremodTweaker
[17:11:24] [main/INFO] [LaunchWrapper]: Calling tweak class cpw.mods.fml.common.launcher.FMLTweaker
[17:13:06] [main/INFO] [GradleStart]: Extra: []
[17:13:06] [main/INFO] [GradleStart]: Begin coremod and grimpatch search...
[17:13:06] [main/INFO] [GradleStart]: Finished coremod and grimpatch search, elapsed time: 84ms
[17:13:06] [main/INFO] [GradleStart]: Running with arguments: [--userProperties, {}, --assetsDir, H:/.gradle/caches/minecraft/assets, --assetIndex, 1.7.10, --accessToken, {REDACTED}, --version, 1.7.10, --tweakClass, cpw.mods.fml.common.launcher.FMLTweaker, --tweakClass, net.minecraftforge.gradle.tweakers.CoremodTweaker]
[17:13:06] [main/INFO] [LaunchWrapper]: Loading tweak class name cpw.mods.fml.common.launcher.FMLTweaker
[17:13:06] [main/INFO] [LaunchWrapper]: Using primary tweak class name cpw.mods.fml.common.launcher.FMLTweaker
[17:13:06] [main/INFO] [LaunchWrapper]: Loading tweak class name net.minecraftforge.gradle.tweakers.CoremodTweaker
[17:13:06] [main/INFO] [LaunchWrapper]: Calling tweak class cpw.mods.fml.common.launcher.FMLTweaker
[03:43:15] [main/INFO] [GradleStart]: Extra: []
[03:43:15] [main/INFO] [GradleStart]: Begin coremod and grimpatch search...
[03:43:15] [main/INFO] [GradleStart]: Finished coremod and grimpatch search, elapsed time: 77ms
[03:43:15] [main/INFO] [GradleStart]: Running with arguments: [--userProperties, {}, --assetsDir, H:/.gradle/caches/minecraft/assets, --assetIndex, 1.7.10, --accessToken, {REDACTED}, --version, 1.7.10, --tweakClass, cpw.mods.fml.common.launcher.FMLTweaker, --tweakClass, net.minecraftforge.gradle.tweakers.CoremodTweaker]
[03:43:15] [main/INFO] [LaunchWrapper]: Loading tweak class name cpw.mods.fml.common.launcher.FMLTweaker
[03:43:15] [main/INFO] [LaunchWrapper]: Using primary tweak class name cpw.mods.fml.common.launcher.FMLTweaker
[03:43:15] [main/INFO] [LaunchWrapper]: Loading tweak class name net.minecraftforge.gradle.tweakers.CoremodTweaker
[03:43:15] [main/INFO] [LaunchWrapper]: Calling tweak class cpw.mods.fml.common.launcher.FMLTweaker
[19:34:43] [main/INFO] [GradleStart]: Extra: []
[19:34:43] [main/INFO] [GradleStart]: Begin coremod and grimpatch search...
[19:34:43] [main/INFO] [GradleStart]: Finished coremod and grimpatch search, elapsed time: 82ms
[19:34:43] [main/INFO] [GradleStart]: Running with arguments: [--userProperties, {}, --assetsDir, H:/.gradle/caches/minecraft/assets, --assetIndex, 1.7.10, --accessToken, {REDACTED}, --version, 1.7.10, --tweakClass, cpw.mods.fml.common.launcher.FMLTweaker, --tweakClass, net.minecraftforge.gradle.tweakers.CoremodTweaker]
[19:34:43] [main/INFO] [LaunchWrapper]: Loading tweak class name cpw.mods.fml.common.launcher.FMLTweaker
[19:34:43] [main/INFO] [LaunchWrapper]: Using primary tweak class name cpw.mods.fml.common.launcher.FMLTweaker
[19:34:43] [main/INFO] [LaunchWrapper]: Loading tweak class name net.minecraftforge.gradle.tweakers.CoremodTweaker
[19:34:43] [main/INFO] [LaunchWrapper]: Calling tweak class cpw.mods.fml.common.launcher.FMLTweaker
[19:53:05] [main/INFO] [GradleStart]: Extra: []
[19:53:05] [main/INFO] [GradleStart]: Begin coremod and grimpatch search...
[19:53:05] [main/INFO] [GradleStart]: Finished coremod and grimpatch search, elapsed time: 94ms
[19:53:05] [main/INFO] [GradleStart]: Running with arguments: [--userProperties, {}, --assetsDir, H:/.gradle/caches/minecraft/assets, --assetIndex, 1.7.10, --accessToken, {REDACTED}, --version, 1.7.10, --tweakClass, cpw.mods.fml.common.launcher.FMLTweaker, --tweakClass, net.minecraftforge.gradle.tweakers.CoremodTweaker]
[19:53:05] [main/INFO] [LaunchWrapper]: Loading tweak class name cpw.mods.fml.common.launcher.FMLTweaker
[19:53:05] [main/INFO] [LaunchWrapper]: Using primary tweak class name cpw.mods.fml.common.launcher.FMLTweaker
[19:53:05] [main/INFO] [LaunchWrapper]: Loading tweak class name net.minecraftforge.gradle.tweakers.CoremodTweaker
[19:53:05] [main/INFO] [LaunchWrapper]: Calling tweak class cpw.mods.fml.common.launcher.FMLTweaker
[20:34:59] [main/INFO] [GradleStart]: Extra: []
[20:34:59] [main/INFO] [GradleStart]: Begin coremod and grimpatch search...
[20:34:59] [main/INFO] [GradleStart]: Finished coremod and grimpatch search, elapsed time: 83ms
[20:34:59] [main/INFO] [GradleStart]: Running with arguments: [--userProperties, {}, --assetsDir, H:/.gradle/caches/minecraft/assets, --assetIndex, 1.7.10, --accessToken, {REDACTED}, --version, 1.7.10, --tweakClass, cpw.mods.fml.common.launcher.FMLTweaker, --tweakClass, net.minecraftforge.gradle.tweakers.CoremodTweaker]
[20:34:59] [main/INFO] [LaunchWrapper]: Loading tweak class name cpw.mods.fml.common.launcher.FMLTweaker
[20:34:59] [main/INFO] [LaunchWrapper]: Using primary tweak class name cpw.mods.fml.common.launcher.FMLTweaker
[20:34:59] [main/INFO] [LaunchWrapper]: Loading tweak class name net.minecraftforge.gradle.tweakers.CoremodTweaker
[20:34:59] [main/INFO] [LaunchWrapper]: Calling tweak class cpw.mods.fml.common.launcher.FMLTweaker
[20:36:40] [main/INFO] [GradleStart]: Extra: []
[20:36:40] [main/INFO] [GradleStart]: Begin coremod and grimpatch search...
[20:36:40] [main/INFO] [GradleStart]: Finished coremod and grimpatch search, elapsed time: 83ms
[20:36:40] [main/INFO] [GradleStart]: Running with arguments: [--userProperties, {}, --assetsDir, H:/.gradle/caches/minecraft/assets, --assetIndex, 1.7.10, --accessToken, {REDACTED}, --version, 1.7.10, --tweakClass, cpw.mods.fml.common.launcher.FMLTweaker, --tweakClass, net.minecraftforge.gradle.tweakers.CoremodTweaker]
[20:36:40] [main/INFO] [LaunchWrapper]: Loading tweak class name cpw.mods.fml.common.launcher.FMLTweaker
[20:36:40] [main/INFO] [LaunchWrapper]: Using primary tweak class name cpw.mods.fml.common.launcher.FMLTweaker
[20:36:40] [main/INFO] [LaunchWrapper]: Loading tweak class name net.minecraftforge.gradle.tweakers.CoremodTweaker
[20:36:40] [main/INFO] [LaunchWrapper]: Calling tweak class cpw.mods.fml.common.launcher.FMLTweaker
[21:02:50] [main/INFO] [GradleStart]: Extra: []
[21:02:50] [main/INFO] [GradleStart]: Begin coremod and grimpatch search...
[21:02:50] [main/INFO] [GradleStart]: Finished coremod and grimpatch search, elapsed time: 105ms
[21:02:50] [main/INFO] [GradleStart]: Running with arguments: [--userProperties, {}, --assetsDir, H:/.gradle/caches/minecraft/assets, --assetIndex, 1.7.10, --accessToken, {REDACTED}, --version, 1.7.10, --tweakClass, cpw.mods.fml.common.launcher.FMLTweaker, --tweakClass, net.minecraftforge.gradle.tweakers.CoremodTweaker]
[21:02:50] [main/INFO] [LaunchWrapper]: Loading tweak class name cpw.mods.fml.common.launcher.FMLTweaker
[21:02:50] [main/INFO] [LaunchWrapper]: Using primary tweak class name cpw.mods.fml.common.launcher.FMLTweaker
[21:02:50] [main/INFO] [LaunchWrapper]: Loading tweak class name net.minecraftforge.gradle.tweakers.CoremodTweaker
[21:02:50] [main/INFO] [LaunchWrapper]: Calling tweak class cpw.mods.fml.common.launcher.FMLTweaker
[21:10:46] [main/INFO] [GradleStart]: Extra: []
[21:10:46] [main/INFO] [GradleStart]: Begin coremod and grimpatch search...
[21:10:46] [main/INFO] [GradleStart]: Finished coremod and grimpatch search, elapsed time: 85ms
[21:10:46] [main/INFO] [GradleStart]: Running with arguments: [--userProperties, {}, --assetsDir, H:/.gradle/caches/minecraft/assets, --assetIndex, 1.7.10, --accessToken, {REDACTED}, --version, 1.7.10, --tweakClass, cpw.mods.fml.common.launcher.FMLTweaker, --tweakClass, net.minecraftforge.gradle.tweakers.CoremodTweaker]
[21:10:46] [main/INFO] [LaunchWrapper]: Loading tweak class name cpw.mods.fml.common.launcher.FMLTweaker
[21:10:46] [main/INFO] [LaunchWrapper]: Using primary tweak class name cpw.mods.fml.common.launcher.FMLTweaker
[21:10:46] [main/INFO] [LaunchWrapper]: Loading tweak class name net.minecraftforge.gradle.tweakers.CoremodTweaker
[21:10:46] [main/INFO] [LaunchWrapper]: Calling tweak class cpw.mods.fml.common.launcher.FMLTweaker
[21:14:07] [main/INFO] [GradleStart]: Extra: []
[21:14:07] [main/INFO] [GradleStart]: Begin coremod and grimpatch search...
[21:14:07] [main/INFO] [GradleStart]: Finished coremod and grimpatch search, elapsed time: 85ms
[21:14:07] [main/INFO] [GradleStart]: Running with arguments: [--userProperties, {}, --assetsDir, H:/.gradle/caches/minecraft/assets, --assetIndex, 1.7.10, --accessToken, {REDACTED}, --version, 1.7.10, --tweakClass, cpw.mods.fml.common.launcher.FMLTweaker, --tweakClass, net.minecraftforge.gradle.tweakers.CoremodTweaker]
[21:14:07] [main/INFO] [LaunchWrapper]: Loading tweak class name cpw.mods.fml.common.launcher.FMLTweaker
[21:14:07] [main/INFO] [LaunchWrapper]: Using primary tweak class name cpw.mods.fml.common.launcher.FMLTweaker
[21:14:07] [main/INFO] [LaunchWrapper]: Loading tweak class name net.minecraftforge.gradle.tweakers.CoremodTweaker
[21:14:07] [main/INFO] [LaunchWrapper]: Calling tweak class cpw.mods.fml.common.launcher.FMLTweaker
[21:17:48] [main/INFO] [GradleStart]: Extra: []
[21:17:48] [main/INFO] [GradleStart]: Begin coremod and grimpatch search...
[21:17:48] [main/INFO] [GradleStart]: Finished coremod and grimpatch search, elapsed time: 88ms
[21:17:48] [main/INFO] [GradleStart]: Running with arguments: [--userProperties, {}, --assetsDir, H:/.gradle/caches/minecraft/assets, --assetIndex, 1.7.10, --accessToken, {REDACTED}, --version, 1.7.10, --tweakClass, cpw.mods.fml.common.launcher.FMLTweaker, --tweakClass, net.minecraftforge.gradle.tweakers.CoremodTweaker]
[21:17:48] [main/INFO] [LaunchWrapper]: Loading tweak class name cpw.mods.fml.common.launcher.FMLTweaker
[21:17:48] [main/INFO] [LaunchWrapper]: Using primary tweak class name cpw.mods.fml.common.launcher.FMLTweaker
[21:17:48] [main/INFO] [LaunchWrapper]: Loading tweak class name net.minecraftforge.gradle.tweakers.CoremodTweaker
[21:17:48] [main/INFO] [LaunchWrapper]: Calling tweak class cpw.mods.fml.common.launcher.FMLTweaker
[21:22:23] [main/INFO] [GradleStart]: Extra: []
[21:22:23] [main/INFO] [GradleStart]: Begin coremod and grimpatch search...
[21:22:23] [main/INFO] [GradleStart]: Finished coremod and grimpatch search, elapsed time: 80ms
[21:22:23] [main/INFO] [GradleStart]: Running with arguments: [--userProperties, {}, --assetsDir, H:/.gradle/caches/minecraft/assets, --assetIndex, 1.7.10, --accessToken, {REDACTED}, --version, 1.7.10, --tweakClass, cpw.mods.fml.common.launcher.FMLTweaker, --tweakClass, net.minecraftforge.gradle.tweakers.CoremodTweaker]
[21:22:23] [main/INFO] [LaunchWrapper]: Loading tweak class name cpw.mods.fml.common.launcher.FMLTweaker
[21:22:23] [main/INFO] [LaunchWrapper]: Using primary tweak class name cpw.mods.fml.common.launcher.FMLTweaker
[21:22:23] [main/INFO] [LaunchWrapper]: Loading tweak class name net.minecraftforge.gradle.tweakers.CoremodTweaker
[21:22:23] [main/INFO] [LaunchWrapper]: Calling tweak class cpw.mods.fml.common.launcher.FMLTweaker
[21:26:28] [main/INFO] [GradleStart]: Extra: []
[21:26:28] [main/INFO] [GradleStart]: Begin coremod and grimpatch search...
[21:26:29] [main/INFO] [GradleStart]: Finished coremod and grimpatch search, elapsed time: 77ms
[21:26:29] [main/INFO] [GradleStart]: Running with arguments: [--userProperties, {}, --assetsDir, H:/.gradle/caches/minecraft/assets, --assetIndex, 1.7.10, --accessToken, {REDACTED}, --version, 1.7.10, --tweakClass, cpw.mods.fml.common.launcher.FMLTweaker, --tweakClass, net.minecraftforge.gradle.tweakers.CoremodTweaker]
[21:26:29] [main/INFO] [LaunchWrapper]: Loading tweak class name cpw.mods.fml.common.launcher.FMLTweaker
[21:26:29] [main/INFO] [LaunchWrapper]: Using primary tweak class name cpw.mods.fml.common.launcher.FMLTweaker
[21:26:29] [main/INFO] [LaunchWrapper]: Loading tweak class name net.minecraftforge.gradle.tweakers.CoremodTweaker
[21:26:29] [main/INFO] [LaunchWrapper]: Calling tweak class cpw.mods.fml.common.launcher.FMLTweaker
[21:34:27] [main/INFO] [GradleStart]: Extra: []
[21:34:27] [main/INFO] [GradleStart]: Begin coremod and grimpatch search...
[21:34:28] [main/INFO] [GradleStart]: Finished coremod and grimpatch search, elapsed time: 83ms
[21:34:28] [main/INFO] [GradleStart]: Running with arguments: [--userProperties, {}, --assetsDir, H:/.gradle/caches/minecraft/assets, --assetIndex, 1.7.10, --accessToken, {REDACTED}, --version, 1.7.10, --tweakClass, cpw.mods.fml.common.launcher.FMLTweaker, --tweakClass, net.minecraftforge.gradle.tweakers.CoremodTweaker]
[21:34:28] [main/INFO] [LaunchWrapper]: Loading tweak class name cpw.mods.fml.common.launcher.FMLTweaker
[21:34:28] [main/INFO] [LaunchWrapper]: Using primary tweak class name cpw.mods.fml.common.launcher.FMLTweaker
[21:34:28] [main/INFO] [LaunchWrapper]: Loading tweak class name net.minecraftforge.gradle.tweakers.CoremodTweaker
[21:34:28] [main/INFO] [LaunchWrapper]: Calling tweak class cpw.mods.fml.common.launcher.FMLTweaker
[21:38:04] [main/INFO] [GradleStart]: Extra: []
[21:38:04] [main/INFO] [GradleStart]: Begin coremod and grimpatch search...
[21:38:04] [main/INFO] [GradleStart]: Finished coremod and grimpatch search, elapsed time: 81ms
[21:38:04] [main/INFO] [GradleStart]: Running with arguments: [--userProperties, {}, --assetsDir, H:/.gradle/caches/minecraft/assets, --assetIndex, 1.7.10, --accessToken, {REDACTED}, --version, 1.7.10, --tweakClass, cpw.mods.fml.common.launcher.FMLTweaker, --tweakClass, net.minecraftforge.gradle.tweakers.CoremodTweaker]
[21:38:04] [main/INFO] [LaunchWrapper]: Loading tweak class name cpw.mods.fml.common.launcher.FMLTweaker
[21:38:04] [main/INFO] [LaunchWrapper]: Using primary tweak class name cpw.mods.fml.common.launcher.FMLTweaker
[21:38:04] [main/INFO] [LaunchWrapper]: Loading tweak class name net.minecraftforge.gradle.tweakers.CoremodTweaker
[21:38:04] [main/INFO] [LaunchWrapper]: Calling tweak class cpw.mods.fml.common.launcher.FMLTweaker
[21:40:08] [main/INFO] [GradleStart]: Extra: []
[21:40:08] [main/INFO] [GradleStart]: Begin coremod and grimpatch search...
[21:40:08] [main/INFO] [GradleStart]: Finished coremod and grimpatch search, elapsed time: 85ms
[21:40:08] [main/INFO] [GradleStart]: Running with arguments: [--userProperties, {}, --assetsDir, H:/.gradle/caches/minecraft/assets, --assetIndex, 1.7.10, --accessToken, {REDACTED}, --version, 1.7.10, --tweakClass, cpw.mods.fml.common.launcher.FMLTweaker, --tweakClass, net.minecraftforge.gradle.tweakers.CoremodTweaker]
[21:40:08] [main/INFO] [LaunchWrapper]: Loading tweak class name cpw.mods.fml.common.launcher.FMLTweaker
[21:40:08] [main/INFO] [LaunchWrapper]: Using primary tweak class name cpw.mods.fml.common.launcher.FMLTweaker
[21:40:08] [main/INFO] [LaunchWrapper]: Loading tweak class name net.minecraftforge.gradle.tweakers.CoremodTweaker
[21:40:08] [main/INFO] [LaunchWrapper]: Calling tweak class cpw.mods.fml.common.launcher.FMLTweaker
[21:42:30] [main/INFO] [GradleStart]: Extra: []
[21:42:30] [main/INFO] [GradleStart]: Begin coremod and grimpatch search...
[21:42:30] [main/INFO] [GradleStart]: Finished coremod and grimpatch search, elapsed time: 79ms
[21:42:30] [main/INFO] [GradleStart]: Running with arguments: [--userProperties, {}, --assetsDir, H:/.gradle/caches/minecraft/assets, --assetIndex, 1.7.10, --accessToken, {REDACTED}, --version, 1.7.10, --tweakClass, cpw.mods.fml.common.launcher.FMLTweaker, --tweakClass, net.minecraftforge.gradle.tweakers.CoremodTweaker]
[21:42:30] [main/INFO] [LaunchWrapper]: Loading tweak class name cpw.mods.fml.common.launcher.FMLTweaker
[21:42:30] [main/INFO] [LaunchWrapper]: Using primary tweak class name cpw.mods.fml.common.launcher.FMLTweaker
[21:42:30] [main/INFO] [LaunchWrapper]: Loading tweak class name net.minecraftforge.gradle.tweakers.CoremodTweaker
[21:42:30] [main/INFO] [LaunchWrapper]: Calling tweak class cpw.mods.fml.common.launcher.FMLTweaker
[21:44:21] [main/INFO] [GradleStart]: Extra: []
[21:44:21] [main/INFO] [GradleStart]: Begin coremod and grimpatch search...
[21:44:21] [main/INFO] [GradleStart]: Finished coremod and grimpatch search, elapsed time: 92ms
[21:44:21] [main/INFO] [GradleStart]: Running with arguments: [--userProperties, {}, --assetsDir, H:/.gradle/caches/minecraft/assets, --assetIndex, 1.7.10, --accessToken, {REDACTED}, --version, 1.7.10, --tweakClass, cpw.mods.fml.common.launcher.FMLTweaker, --tweakClass, net.minecraftforge.gradle.tweakers.CoremodTweaker]
[21:44:21] [main/INFO] [LaunchWrapper]: Loading tweak class name cpw.mods.fml.common.launcher.FMLTweaker
[21:44:21] [main/INFO] [LaunchWrapper]: Using primary tweak class name cpw.mods.fml.common.launcher.FMLTweaker
[21:44:21] [main/INFO] [LaunchWrapper]: Loading tweak class name net.minecraftforge.gradle.tweakers.CoremodTweaker
[21:44:21] [main/INFO] [LaunchWrapper]: Calling tweak class cpw.mods.fml.common.launcher.FMLTweaker
[21:51:49] [main/INFO] [GradleStart]: Extra: []
[21:51:49] [main/INFO] [GradleStart]: Begin coremod and grimpatch search...
[21:51:49] [main/INFO] [GradleStart]: Finished coremod and grimpatch search, elapsed time: 83ms
[21:51:49] [main/INFO] [GradleStart]: Running with arguments: [--userProperties, {}, --assetsDir, H:/.gradle/caches/minecraft/assets, --assetIndex, 1.7.10, --accessToken, {REDACTED}, --version, 1.7.10, --tweakClass, cpw.mods.fml.common.launcher.FMLTweaker, --tweakClass, net.minecraftforge.gradle.tweakers.CoremodTweaker]
[21:51:49] [main/INFO] [LaunchWrapper]: Loading tweak class name cpw.mods.fml.common.launcher.FMLTweaker
[21:51:49] [main/INFO] [LaunchWrapper]: Using primary tweak class name cpw.mods.fml.common.launcher.FMLTweaker
[21:51:49] [main/INFO] [LaunchWrapper]: Loading tweak class name net.minecraftforge.gradle.tweakers.CoremodTweaker
[21:51:49] [main/INFO] [LaunchWrapper]: Calling tweak class cpw.mods.fml.common.launcher.FMLTweaker
[22:00:25] [main/INFO] [GradleStart]: Extra: []
[22:00:25] [main/INFO] [GradleStart]: Begin coremod and grimpatch search...
[22:00:25] [main/INFO] [GradleStart]: Finished coremod and grimpatch search, elapsed time: 81ms
[22:00:25] [main/INFO] [GradleStart]: Running with arguments: [--userProperties, {}, --assetsDir, H:/.gradle/caches/minecraft/assets, --assetIndex, 1.7.10, --accessToken, {REDACTED}, --version, 1.7.10, --tweakClass, cpw.mods.fml.common.launcher.FMLTweaker, --tweakClass, net.minecraftforge.gradle.tweakers.CoremodTweaker]
[22:00:25] [main/INFO] [LaunchWrapper]: Loading tweak class name cpw.mods.fml.common.launcher.FMLTweaker
[22:00:25] [main/INFO] [LaunchWrapper]: Using primary tweak class name cpw.mods.fml.common.launcher.FMLTweaker
[22:00:25] [main/INFO] [LaunchWrapper]: Loading tweak class name net.minecraftforge.gradle.tweakers.CoremodTweaker
[22:00:25] [main/INFO] [LaunchWrapper]: Calling tweak class cpw.mods.fml.common.launcher.FMLTweaker
[22:02:52] [main/INFO] [GradleStart]: Extra: []
[22:02:52] [main/INFO] [GradleStart]: Begin coremod and grimpatch search...
[22:02:52] [main/INFO] [GradleStart]: Finished coremod and grimpatch search, elapsed time: 86ms
[22:02:52] [main/INFO] [GradleStart]: Running with arguments: [--userProperties, {}, --assetsDir, H:/.gradle/caches/minecraft/assets, --assetIndex, 1.7.10, --accessToken, {REDACTED}, --version, 1.7.10, --tweakClass, cpw.mods.fml.common.launcher.FMLTweaker, --tweakClass, net.minecraftforge.gradle.tweakers.CoremodTweaker]
[22:02:52] [main/INFO] [LaunchWrapper]: Loading tweak class name cpw.mods.fml.common.launcher.FMLTweaker
[22:02:52] [main/INFO] [LaunchWrapper]: Using primary tweak class name cpw.mods.fml.common.launcher.FMLTweaker
[22:02:52] [main/INFO] [LaunchWrapper]: Loading tweak class name net.minecraftforge.gradle.tweakers.CoremodTweaker
[22:02:52] [main/INFO] [LaunchWrapper]: Calling tweak class cpw.mods.fml.common.launcher.FMLTweaker
[22:12:48] [main/INFO] [GradleStart]: Extra: []
[22:12:48] [main/INFO] [GradleStart]: Begin coremod and grimpatch search...
[22:12:48] [main/INFO] [GradleStart]: Finished coremod and grimpatch search, elapsed time: 91ms
[22:12:48] [main/INFO] [GradleStart]: Running with arguments: [--userProperties, {}, --assetsDir, H:/.gradle/caches/minecraft/assets, --assetIndex, 1.7.10, --accessToken, {REDACTED}, --version, 1.7.10, --tweakClass, cpw.mods.fml.common.launcher.FMLTweaker, --tweakClass, net.minecraftforge.gradle.tweakers.CoremodTweaker]
[22:12:48] [main/INFO] [LaunchWrapper]: Loading tweak class name cpw.mods.fml.common.launcher.FMLTweaker
[22:12:48] [main/INFO] [LaunchWrapper]: Using primary tweak class name cpw.mods.fml.common.launcher.FMLTweaker
[22:12:48] [main/INFO] [LaunchWrapper]: Loading tweak class name net.minecraftforge.gradle.tweakers.CoremodTweaker
[22:12:48] [main/INFO] [LaunchWrapper]: Calling tweak class cpw.mods.fml.common.launcher.FMLTweaker
[22:26:01] [main/INFO] [GradleStart]: Extra: []
[22:26:01] [main/INFO] [GradleStart]: Begin coremod and grimpatch search...
[22:26:01] [main/INFO] [GradleStart]: Finished coremod and grimpatch search, elapsed time: 81ms
[22:26:01] [main/INFO] [GradleStart]: Running with arguments: [--userProperties, {}, --assetsDir, H:/.gradle/caches/minecraft/assets, --assetIndex, 1.7.10, --accessToken, {REDACTED}, --version, 1.7.10, --tweakClass, cpw.mods.fml.common.launcher.FMLTweaker, --tweakClass, net.minecraftforge.gradle.tweakers.CoremodTweaker]
[22:26:01] [main/INFO] [LaunchWrapper]: Loading tweak class name cpw.mods.fml.common.launcher.FMLTweaker
[22:26:01] [main/INFO] [LaunchWrapper]: Using primary tweak class name cpw.mods.fml.common.launcher.FMLTweaker
[22:26:01] [main/INFO] [LaunchWrapper]: Loading tweak class name net.minecraftforge.gradle.tweakers.CoremodTweaker
[22:26:01] [main/INFO] [LaunchWrapper]: Calling tweak class cpw.mods.fml.common.launcher.FMLTweaker
[22:31:44] [main/INFO] [GradleStart]: Extra: []
[22:31:44] [main/INFO] [GradleStart]: Begin coremod and grimpatch search...
[22:31:44] [main/INFO] [GradleStart]: Finished coremod and grimpatch search, elapsed time: 96ms
[22:31:44] [main/INFO] [GradleStart]: Running with arguments: [--userProperties, {}, --assetsDir, H:/.gradle/caches/minecraft/assets, --assetIndex, 1.7.10, --accessToken, {REDACTED}, --version, 1.7.10, --tweakClass, cpw.mods.fml.common.launcher.FMLTweaker, --tweakClass, net.minecraftforge.gradle.tweakers.CoremodTweaker]
[22:31:44] [main/INFO] [LaunchWrapper]: Loading tweak class name cpw.mods.fml.common.launcher.FMLTweaker
[22:31:44] [main/INFO] [LaunchWrapper]: Using primary tweak class name cpw.mods.fml.common.launcher.FMLTweaker
[22:31:44] [main/INFO] [LaunchWrapper]: Loading tweak class name net.minecraftforge.gradle.tweakers.CoremodTweaker
[22:31:44] [main/INFO] [LaunchWrapper]: Calling tweak class cpw.mods.fml.common.launcher.FMLTweaker
[22:52:45] [main/INFO] [GradleStart]: Extra: []
[22:52:45] [main/INFO] [GradleStart]: Begin coremod and grimpatch search...
[22:52:45] [main/INFO] [GradleStart]: Finished coremod and grimpatch search, elapsed time: 89ms
[22:52:45] [main/INFO] [GradleStart]: Running with arguments: [--userProperties, {}, --assetsDir, H:/.gradle/caches/minecraft/assets, --assetIndex, 1.7.10, --accessToken, {REDACTED}, --version, 1.7.10, --tweakClass, cpw.mods.fml.common.launcher.FMLTweaker, --tweakClass, net.minecraftforge.gradle.tweakers.CoremodTweaker]
[22:52:45] [main/INFO] [LaunchWrapper]: Loading tweak class name cpw.mods.fml.common.launcher.FMLTweaker
[22:52:45] [main/INFO] [LaunchWrapper]: Using primary tweak class name cpw.mods.fml.common.launcher.FMLTweaker
[22:52:45] [main/INFO] [LaunchWrapper]: Loading tweak class name net.minecraftforge.gradle.tweakers.CoremodTweaker
[22:52:45] [main/INFO] [LaunchWrapper]: Calling tweak class cpw.mods.fml.common.launcher.FMLTweaker
[22:56:01] [main/INFO] [GradleStart]: Extra: []
[22:56:01] [main/INFO] [GradleStart]: Begin coremod and grimpatch search...
[22:56:01] [main/INFO] [GradleStart]: Finished coremod and grimpatch search, elapsed time: 93ms
[22:56:01] [main/INFO] [GradleStart]: Running with arguments: [--userProperties, {}, --assetsDir, H:/.gradle/caches/minecraft/assets, --assetIndex, 1.7.10, --accessToken, {REDACTED}, --version, 1.7.10, --tweakClass, cpw.mods.fml.common.launcher.FMLTweaker, --tweakClass, net.minecraftforge.gradle.tweakers.CoremodTweaker]
[22:56:01] [main/INFO] [LaunchWrapper]: Loading tweak class name cpw.mods.fml.common.launcher.FMLTweaker
[22:56:01] [main/INFO] [LaunchWrapper]: Using primary tweak class name cpw.mods.fml.common.launcher.FMLTweaker
[22:56:01] [main/INFO] [LaunchWrapper]: Loading tweak class name net.minecraftforge.gradle.tweakers.CoremodTweaker
[22:56:01] [main/INFO] [LaunchWrapper]: Calling tweak class cpw.mods.fml.common.launcher.FMLTweaker
[23:00:01] [main/INFO] [GradleStart]: Extra: []
[23:00:01] [main/INFO] [GradleStart]: Begin coremod and grimpatch search...
[23:00:01] [main/INFO] [GradleStart]: Finished coremod and grimpatch search, elapsed time: 90ms
[23:00:01] [main/INFO] [GradleStart]: Running with arguments: [--userProperties, {}, --assetsDir, H:/.gradle/caches/minecraft/assets, --assetIndex, 1.7.10, --accessToken, {REDACTED}, --version, 1.7.10, --tweakClass, cpw.mods.fml.common.launcher.FMLTweaker, --tweakClass, net.minecraftforge.gradle.tweakers.CoremodTweaker]
[23:00:01] [main/INFO] [LaunchWrapper]: Loading tweak class name cpw.mods.fml.common.launcher.FMLTweaker
[23:00:01] [main/INFO] [LaunchWrapper]: Using primary tweak class name cpw.mods.fml.common.launcher.FMLTweaker
[23:00:01] [main/INFO] [LaunchWrapper]: Loading tweak class name net.minecraftforge.gradle.tweakers.CoremodTweaker
[23:00:01] [main/INFO] [LaunchWrapper]: Calling tweak class cpw.mods.fml.common.launcher.FMLTweaker
