[23:00:04] [main/INFO]: Setting user: Player828
[23:00:05] [Client thread/INFO]: LWJGL Version: 2.9.1
[23:00:11] [Client thread/INFO]: Reloading ResourceManager: Default, FMLFileResourcePack:Forge Mod Loader, FMLFileResourcePack:Minecraft Forge, FMLFileResourcePack:Underground
[23:00:12] [Sound Library Loader/INFO]: Sound engine started
[23:00:13] [Client thread/INFO]: Created: 16x16 textures/blocks-atlas
[23:00:13] [Client thread/INFO]: Created: 16x16 textures/items-atlas
[23:00:13] [Client thread/INFO]: Reloading ResourceManager: Default, FMLFileResourcePack:Forge Mod Loader, FMLFileResourcePack:Minecraft Forge, FMLFileResourcePack:Underground
[23:00:13] [Client thread/INFO]: Created: 512x256 textures/blocks-atlas
[23:00:13] [Client thread/INFO]: Created: 256x256 textures/items-atlas
[23:00:14] [Sound Library Loader/INFO]: Sound engine started
[23:00:25] [Server thread/INFO]: Starting integrated minecraft server version 1.7.10
[23:00:25] [Server thread/INFO]: Generating keypair
[23:00:25] [Server thread/INFO]: Preparing start region for level 0
[23:00:26] [Server thread/INFO]: Changing view distance to 12, from 10
[23:00:26] [Server thread/INFO]: Player828[local:E:3f98b78d] logged in with entity id 337 at (69.69999998807907, 60.0, 93.69999998807907)
[23:00:26] [Server thread/INFO]: Player828 加入了游戏
[23:00:27] [Server thread/INFO]: Saving and pausing game...
[23:00:27] [Server thread/INFO]: Saving chunks for level 'Test'/Overworld
[23:00:27] [Server thread/INFO]: Saving chunks for level 'Test'/Nether
[23:00:27] [Server thread/INFO]: Saving chunks for level 'Test'/The End
[23:00:30] [Client thread/INFO]: [CHAT] /gamemode, /give, /gamerule
[23:00:30] [Server thread/INFO]: [Player828: 您的游戏模式已被设置为 创造模式 ]
[23:00:30] [Client thread/INFO]: [CHAT] 您的游戏模式已更新
[23:00:32] [Client thread/INFO]: [CHAT] /gamemode, /give, /gamerule
[23:00:32] [Server thread/INFO]: [Player828: 您的游戏模式已被设置为 生存模式 ]
[23:00:33] [Client thread/INFO]: [CHAT] 您的游戏模式已更新
[23:00:34] [Server thread/INFO]: Saving and pausing game...
[23:00:34] [Server thread/INFO]: Saving chunks for level 'Test'/Overworld
[23:00:34] [Server thread/INFO]: Saving chunks for level 'Test'/Nether
[23:00:34] [Server thread/INFO]: Saving chunks for level 'Test'/The End
[23:00:35] [Server thread/INFO]: Saving and pausing game...
[23:00:35] [Server thread/INFO]: Saving chunks for level 'Test'/Overworld
[23:00:35] [Server thread/INFO]: Saving chunks for level 'Test'/Nether
[23:00:35] [Server thread/INFO]: Saving chunks for level 'Test'/The End
[23:00:38] [Client thread/INFO]: [CHAT] 警告，你正处于地面，距离天罚降临还剩 29 秒
[23:00:38] [Client thread/INFO]: [CHAT] 警告，你正处于地面，距离天罚降临还剩 28 秒
[23:00:39] [Client thread/INFO]: [CHAT] 警告，你正处于地面，距离天罚降临还剩 27 秒
[23:00:40] [Client thread/INFO]: [CHAT] 警告，你正处于地面，距离天罚降临还剩 26 秒
[23:00:40] [Client thread/INFO]: [CHAT] 警告，你正处于地面，距离天罚降临还剩 25 秒
[23:00:42] [Client thread/INFO]: [CHAT] 警告，你正处于地面，距离天罚降临还剩 29 秒
[23:00:42] [Client thread/INFO]: [CHAT] 警告，你正处于地面，距离天罚降临还剩 28 秒
[23:00:43] [Client thread/INFO]: [CHAT] 警告，你正处于地面，距离天罚降临还剩 27 秒
[23:00:43] [Client thread/INFO]: [CHAT] 警告，你正处于地面，距离天罚降临还剩 26 秒
[23:00:44] [Client thread/INFO]: [CHAT] 警告，你正处于地面，距离天罚降临还剩 25 秒
[23:00:46] [Client thread/INFO]: [CHAT] 警告，你正处于地面，距离天罚降临还剩 29 秒
[23:00:47] [Client thread/INFO]: [CHAT] 警告，你正处于地面，距离天罚降临还剩 28 秒
[23:00:47] [Client thread/INFO]: [CHAT] 警告，你正处于地面，距离天罚降临还剩 27 秒
[23:00:48] [Client thread/INFO]: [CHAT] 警告，你正处于地面，距离天罚降临还剩 26 秒
[23:00:48] [Client thread/INFO]: [CHAT] 警告，你正处于地面，距离天罚降临还剩 25 秒
[23:00:51] [Client thread/INFO]: [CHAT] 警告，你正处于地面，距离天罚降临还剩 29 秒
[23:00:51] [Client thread/INFO]: [CHAT] 警告，你正处于地面，距离天罚降临还剩 28 秒
[23:00:52] [Client thread/INFO]: [CHAT] 警告，你正处于地面，距离天罚降临还剩 27 秒
[23:00:52] [Client thread/INFO]: [CHAT] 警告，你正处于地面，距离天罚降临还剩 26 秒
[23:01:10] [Server thread/INFO]: Saving and pausing game...
[23:01:10] [Server thread/INFO]: Saving chunks for level 'Test'/Overworld
[23:01:10] [Server thread/INFO]: Saving chunks for level 'Test'/Nether
[23:01:10] [Server thread/INFO]: Saving chunks for level 'Test'/The End
[23:01:15] [Server thread/INFO]: Saving and pausing game...
[23:01:15] [Server thread/INFO]: Saving chunks for level 'Test'/Overworld
[23:01:15] [Server thread/INFO]: Saving chunks for level 'Test'/Nether
[23:01:15] [Server thread/INFO]: Saving chunks for level 'Test'/The End
[23:01:36] [Client thread/INFO]: [CHAT] 警告，你正处于地面，距离天罚降临还剩 29 秒
[23:01:37] [Client thread/INFO]: [CHAT] 警告，你正处于地面，距离天罚降临还剩 28 秒
[23:01:37] [Client thread/INFO]: [CHAT] 警告，你正处于地面，距离天罚降临还剩 27 秒
[23:01:38] [Client thread/INFO]: [CHAT] 警告，你正处于地面，距离天罚降临还剩 26 秒
[23:01:40] [Client thread/INFO]: [CHAT] 警告，你正处于地面，距离天罚降临还剩 29 秒
[23:01:41] [Client thread/INFO]: [CHAT] 警告，你正处于地面，距离天罚降临还剩 28 秒
[23:01:41] [Client thread/INFO]: [CHAT] 警告，你正处于地面，距离天罚降临还剩 27 秒
[23:01:42] [Client thread/INFO]: [CHAT] 警告，你正处于地面，距离天罚降临还剩 26 秒
[23:01:42] [Client thread/INFO]: [CHAT] 警告，你正处于地面，距离天罚降临还剩 25 秒
[23:01:43] [Client thread/INFO]: [CHAT] 警告，你正处于地面，距离天罚降临还剩 24 秒
[23:01:43] [Client thread/INFO]: [CHAT] 警告，你正处于地面，距离天罚降临还剩 23 秒
[23:01:44] [Client thread/INFO]: [CHAT] 警告，你正处于地面，距离天罚降临还剩 22 秒
[23:01:44] [Client thread/INFO]: [CHAT] 警告，你正处于地面，距离天罚降临还剩 21 秒
[23:01:46] [Client thread/INFO]: [CHAT] 警告，你正处于地面，距离天罚降临还剩 29 秒
[23:01:47] [Client thread/INFO]: [CHAT] 警告，你正处于地面，距离天罚降临还剩 28 秒
[23:01:47] [Client thread/INFO]: [CHAT] 警告，你正处于地面，距离天罚降临还剩 27 秒
[23:01:50] [Client thread/INFO]: [CHAT] 警告，你正处于地面，距离天罚降临还剩 29 秒
[23:01:50] [Client thread/INFO]: [CHAT] 警告，你正处于地面，距离天罚降临还剩 28 秒
[23:01:53] [Client thread/INFO]: [CHAT] 警告，你正处于地面，距离天罚降临还剩 29 秒
[23:01:54] [Client thread/INFO]: [CHAT] 警告，你正处于地面，距离天罚降临还剩 28 秒
[23:01:54] [Client thread/INFO]: [CHAT] 警告，你正处于地面，距离天罚降临还剩 27 秒
[23:02:11] [Client thread/INFO]: [CHAT] 警告，你正处于地面，距离天罚降临还剩 29 秒
[23:02:11] [Client thread/INFO]: [CHAT] 警告，你正处于地面，距离天罚降临还剩 28 秒
[23:02:12] [Client thread/INFO]: [CHAT] 警告，你正处于地面，距离天罚降临还剩 27 秒
[23:02:12] [Client thread/INFO]: [CHAT] 警告，你正处于地面，距离天罚降临还剩 26 秒
[23:02:13] [Client thread/INFO]: [CHAT] 警告，你正处于地面，距离天罚降临还剩 25 秒
[23:02:13] [Client thread/INFO]: [CHAT] 警告，你正处于地面，距离天罚降临还剩 24 秒
[23:02:45] [Client thread/INFO]: [CHAT] 警告，你正处于地面，距离天罚降临还剩 29 秒
[23:02:46] [Client thread/INFO]: [CHAT] 警告，你正处于地面，距离天罚降临还剩 28 秒
[23:02:46] [Client thread/INFO]: [CHAT] 警告，你正处于地面，距离天罚降临还剩 27 秒
[23:02:47] [Client thread/INFO]: [CHAT] 警告，你正处于地面，距离天罚降临还剩 26 秒
[23:02:47] [Client thread/INFO]: [CHAT] 警告，你正处于地面，距离天罚降临还剩 25 秒
[23:02:48] [Client thread/INFO]: [CHAT] 警告，你正处于地面，距离天罚降临还剩 24 秒
[23:02:48] [Client thread/INFO]: [CHAT] 警告，你正处于地面，距离天罚降临还剩 23 秒
[23:02:53] [Client thread/INFO]: [CHAT] 警告，你正处于地面，距离天罚降临还剩 29 秒
[23:02:54] [Client thread/INFO]: [CHAT] 警告，你正处于地面，距离天罚降临还剩 28 秒
[23:02:54] [Client thread/INFO]: [CHAT] 警告，你正处于地面，距离天罚降临还剩 27 秒
[23:02:55] [Client thread/INFO]: [CHAT] 警告，你正处于地面，距离天罚降临还剩 26 秒
[23:02:55] [Client thread/INFO]: [CHAT] 警告，你正处于地面，距离天罚降临还剩 25 秒
[23:02:56] [Client thread/INFO]: [CHAT] 警告，你正处于地面，距离天罚降临还剩 24 秒
[23:02:56] [Client thread/INFO]: [CHAT] 警告，你正处于地面，距离天罚降临还剩 23 秒
[23:02:57] [Client thread/INFO]: [CHAT] 警告，你正处于地面，距离天罚降临还剩 22 秒
[23:02:57] [Client thread/INFO]: [CHAT] 警告，你正处于地面，距离天罚降临还剩 21 秒
[23:03:01] [Client thread/INFO]: [CHAT] 警告，你正处于地面，距离天罚降临还剩 29 秒
[23:03:01] [Client thread/INFO]: [CHAT] 警告，你正处于地面，距离天罚降临还剩 28 秒
[23:03:02] [Client thread/INFO]: [CHAT] 警告，你正处于地面，距离天罚降临还剩 27 秒
[23:03:02] [Client thread/INFO]: [CHAT] 警告，你正处于地面，距离天罚降临还剩 26 秒
[23:03:03] [Client thread/INFO]: [CHAT] 警告，你正处于地面，距离天罚降临还剩 25 秒
[23:03:03] [Client thread/INFO]: [CHAT] 警告，你正处于地面，距离天罚降临还剩 24 秒
[23:03:04] [Client thread/INFO]: [CHAT] 警告，你正处于地面，距离天罚降临还剩 23 秒
[23:03:06] [Client thread/INFO]: [CHAT] /gamemode, /give, /gamerule
[23:03:07] [Server thread/INFO]: [Player828: 您的游戏模式已被设置为 创造模式 ]
[23:03:07] [Client thread/INFO]: [CHAT] 您的游戏模式已更新
[23:04:26] [Server thread/INFO]: Player828 刚刚获得了 [打开物品栏] 成就！
[23:04:26] [Client thread/INFO]: [CHAT] Player828 刚刚获得了 [打开物品栏] 成就！
[23:06:01] [Server thread/INFO]: Saving and pausing game...
[23:06:01] [Server thread/INFO]: Saving chunks for level 'Test'/Overworld
[23:06:01] [Server thread/INFO]: Saving chunks for level 'Test'/Nether
[23:06:01] [Server thread/INFO]: Saving chunks for level 'Test'/The End
[23:09:56] [Server thread/INFO]: Saving and pausing game...
[23:09:56] [Server thread/INFO]: Saving chunks for level 'Test'/Overworld
[23:09:56] [Server thread/INFO]: Saving chunks for level 'Test'/Nether
[23:09:56] [Server thread/INFO]: Saving chunks for level 'Test'/The End
[23:09:57] [Server thread/INFO]: Stopping server
[23:09:57] [Server thread/INFO]: Saving players
[23:09:57] [Server thread/INFO]: Saving worlds
[23:09:57] [Server thread/INFO]: Saving chunks for level 'Test'/Overworld
[23:09:57] [Server thread/INFO]: Saving chunks for level 'Test'/Nether
[23:09:57] [Server thread/INFO]: Saving chunks for level 'Test'/The End
[23:09:57] [Client thread/INFO]: Stopping!
